<?xml version="1.0" encoding="UTF-8"?>
<!-- Generated by org.testng.reporters.JUnitReportReporter -->
<testsuite hostname="DESKTOP-RGGQKIK" failures="0" tests="1" name="Task.Orange.OrangeLogin1" time="10.624" errors="0" timestamp="2021-04-11T22:12:07 COT" skipped="0">
  <testcase classname="Task.Orange.OrangeLogin1" name="Login" time="10.624"/>
  <system-out/>
</testsuite> <!-- Task.Orange.OrangeLogin1 -->
